Error: 
Invalid `prisma.shopkeeper.findUnique()` invocation in
C:\printSmart\PrintSmart\backend\controllers\auth.controller.js:50:46

  47 }
  48 
  49 // Check for existing shopkeeper
→ 50 const existing = await prisma.shopkeeper.findUnique(
Can't reach database server at `aws-1-ap-southeast-2.pooler.supabase.com:5432`

Please make sure your database server is running at `aws-1-ap-southeast-2.pooler.supabase.com:5432`.
Stack: PrismaClientKnownRequestError: 
Invalid `prisma.shopkeeper.findUnique()` invocation in
C:\printSmart\PrintSmart\backend\controllers\auth.controller.js:50:46

  47 }
  48 
  49 // Check for existing shopkeeper
→ 50 const existing = await prisma.shopkeeper.findUnique(
Can't reach database server at `aws-1-ap-southeast-2.pooler.supabase.com:5432`

Please make sure your database server is running at `aws-1-ap-southeast-2.pooler.supabase.com:5432`.
    at $n.handleRequestError (C:\printSmart\PrintSmart\backend\node_modules\@prisma\client\runtime\library.js:121:7315)
    at $n.handleAndLogRequestError (C:\printSmart\PrintSmart\backend\node_modules\@prisma\client\runtime\library.js:121:6623)
    at $n.request (C:\printSmart\PrintSmart\backend\node_modules\@prisma\client\runtime\library.js:121:6307)
    at async l (C:\printSmart\PrintSmart\backend\node_modules\@prisma\client\runtime\library.js:130:9633)
    at async exports.register (C:\printSmart\PrintSmart\backend\controllers\auth.controller.js:50:22)
Time: 2026-05-28T08:00:12.896Z

